[2026-05-11 15:43:31] ERROR: Error en Op 1: Can't instantiate abstract class ReservaSala without an implementation for abstract method 'mostrar_info'
[2026-05-11 15:43:31] ERROR: Error en Op 2: El nombre no puede estar vacío
[2026-05-11 15:43:31] ERROR: Error en Op 3: Correo inválido
[2026-05-11 15:43:31] ERROR: Error en Op 4: Can't instantiate abstract class ReservaSala without an implementation for abstract method 'mostrar_info'
[2026-05-11 15:43:31] ERROR: Error en Op 5: Can't instantiate abstract class ReservaSala without an implementation for abstract method 'mostrar_info'
[2026-05-11 15:43:31] ERROR: Error en Op 6: Can't instantiate abstract class ReservaSala without an implementation for abstract method 'mostrar_info'
[2026-05-11 15:43:31] ERROR: Error en Op 7: Can't instantiate abstract class ReservaSala without an implementation for abstract method 'mostrar_info'
[2026-05-11 15:43:31] ERROR: Error en Op 8: Can't instantiate abstract class ReservaSala without an implementation for abstract method 'mostrar_info'
[2026-05-11 15:43:31] ERROR: Error en Op 9: Can't instantiate abstract class ReservaSala without an implementation for abstract method 'mostrar_info'
[2026-05-11 15:43:31] ERROR: Error en Op 10: Can't instantiate abstract class ReservaSala without an implementation for abstract method 'mostrar_info'
[2026-05-11 15:53:38] ERROR: Error en Op 1: Servicio.__init__() missing 1 required positional argument: 'costo_base'
[2026-05-11 15:53:38] ERROR: Error en Op 2: El nombre no puede estar vacío
[2026-05-11 15:53:38] ERROR: Error en Op 3: Correo inválido
[2026-05-11 15:53:38] ERROR: Error en Op 4: Servicio.__init__() missing 1 required positional argument: 'costo_base'
[2026-05-11 15:53:38] ERROR: Error en Op 5: Servicio.__init__() missing 1 required positional argument: 'costo_base'
[2026-05-11 15:53:38] ERROR: Error en Op 6: Servicio.__init__() missing 1 required positional argument: 'costo_base'
[2026-05-11 15:53:38] ERROR: Error en Op 7: Servicio.__init__() missing 1 required positional argument: 'costo_base'
[2026-05-11 15:53:38] ERROR: Error en Op 8: Servicio.__init__() missing 1 required positional argument: 'costo_base'
[2026-05-11 15:53:38] ERROR: Error en Op 9: Servicio.__init__() missing 1 required positional argument: 'costo_base'
[2026-05-11 15:53:38] ERROR: Error en Op 10: Servicio.__init__() missing 1 required positional argument: 'costo_base'
[2026-05-11 15:53:44] ERROR: Error en Op 1: Servicio.__init__() missing 1 required positional argument: 'costo_base'
[2026-05-11 15:53:44] ERROR: Error en Op 2: El nombre no puede estar vacío
[2026-05-11 15:53:44] ERROR: Error en Op 3: Correo inválido
[2026-05-11 15:53:44] ERROR: Error en Op 4: Servicio.__init__() missing 1 required positional argument: 'costo_base'
[2026-05-11 15:53:44] ERROR: Error en Op 5: Servicio.__init__() missing 1 required positional argument: 'costo_base'
[2026-05-11 15:53:44] ERROR: Error en Op 6: Servicio.__init__() missing 1 required positional argument: 'costo_base'
[2026-05-11 15:53:44] ERROR: Error en Op 7: Servicio.__init__() missing 1 required positional argument: 'costo_base'
[2026-05-11 15:53:44] ERROR: Error en Op 8: Servicio.__init__() missing 1 required positional argument: 'costo_base'
[2026-05-11 15:53:44] ERROR: Error en Op 9: Servicio.__init__() missing 1 required positional argument: 'costo_base'
[2026-05-11 15:53:44] ERROR: Error en Op 10: Servicio.__init__() missing 1 required positional argument: 'costo_base'
[2026-05-11 15:56:31] ERROR: Error en Op 1: Servicio.__init__() missing 1 required positional argument: 'costo_base'
[2026-05-11 15:56:31] ERROR: Error en Op 2: El nombre no puede estar vacío
[2026-05-11 15:56:31] ERROR: Error en Op 3: Correo inválido
[2026-05-11 15:56:31] ERROR: Error en Op 4: Servicio.__init__() missing 1 required positional argument: 'costo_base'
[2026-05-11 15:56:31] ERROR: Error en Op 5: Servicio.__init__() missing 1 required positional argument: 'costo_base'
[2026-05-11 15:56:31] ERROR: Error en Op 6: Servicio.__init__() missing 1 required positional argument: 'costo_base'
[2026-05-11 15:56:31] ERROR: Error en Op 7: Servicio.__init__() missing 1 required positional argument: 'costo_base'
[2026-05-11 15:56:31] ERROR: Error en Op 8: Servicio.__init__() missing 1 required positional argument: 'costo_base'
[2026-05-11 15:56:31] ERROR: Error en Op 9: Servicio.__init__() missing 1 required positional argument: 'costo_base'
[2026-05-11 15:56:31] ERROR: Error en Op 10: Servicio.__init__() missing 1 required positional argument: 'costo_base'
[2026-05-11 16:00:18] ERROR: Error en Op 1: 'ReservaSala' object has no attribute 'disponible'
[2026-05-11 16:00:18] ERROR: Error en Op 2: El nombre no puede estar vacío
[2026-05-11 16:00:18] ERROR: Error en Op 3: Correo inválido
[2026-05-11 16:00:18] ERROR: Error en Op 4: La duración debe ser mayor a 0
[2026-05-11 16:00:18] ERROR: Error en Op 5: 'ReservaSala' object has no attribute 'disponible'
[2026-05-11 16:00:18] ERROR: Error en Op 6: 'ReservaSala' object has no attribute 'disponible'
[2026-05-11 16:00:18] ERROR: Error en Op 7: La duración debe ser mayor a 0
[2026-05-11 16:00:18] ERROR: Error en Op 8: 'ReservaSala' object has no attribute 'disponible'
[2026-05-11 16:00:18] ERROR: Error en Op 9: 'ReservaSala' object has no attribute 'disponible'
[2026-05-11 16:00:18] ERROR: Error en Op 10: 'ReservaSala' object has no attribute 'disponible'
[2026-05-11 16:03:09] INFO: ✅ Reserva exitosa para Jesus Vasquez
[2026-05-11 16:03:09] ERROR: Error en Op 2: El nombre no puede estar vacío
[2026-05-11 16:03:09] ERROR: Error en Op 3: Correo inválido
[2026-05-11 16:03:09] ERROR: Error en Op 4: La duración debe ser mayor a 0
[2026-05-11 16:03:09] INFO: ✅ Reserva exitosa para Maria Claudia
[2026-05-11 16:03:09] INFO: ✅ Reserva exitosa para Brayan Piracon
[2026-05-11 16:03:09] ERROR: Error en Op 7: La duración debe ser mayor a 0
[2026-05-11 16:03:09] INFO: ✅ Reserva exitosa para Steven Contreras
[2026-05-11 16:03:09] INFO: ✅ Reserva exitosa para Prueba Error
[2026-05-11 16:03:09] INFO: ✅ Reserva exitosa para Cliente Final
[2026-05-11 16:15:41] INFO: ✅ Reserva exitosa para Jesus Vasquez
[2026-05-11 16:15:41] ERROR: Error en Op 2: El nombre no puede estar vacío
[2026-05-11 16:15:41] ERROR: Error en Op 3: Correo inválido
[2026-05-11 16:15:41] ERROR: Error en Op 4: La duración debe ser mayor a 0
[2026-05-11 16:15:41] INFO: ✅ Reserva exitosa para Maria Claudia
[2026-05-11 16:15:41] INFO: ✅ Reserva exitosa para Brayan Piracon
[2026-05-11 16:15:41] ERROR: Error en Op 7: La duración debe ser mayor a 0
[2026-05-11 16:15:41] INFO: ✅ Reserva exitosa para Steven Contreras
[2026-05-11 16:15:41] INFO: ✅ Reserva exitosa para Prueba Error
[2026-05-11 16:15:41] INFO: ✅ Reserva exitosa para Cliente Final
